DiagnosticsPlugin.exe Information: 0 : [31/12/2015 12:49:21] Starting DiagnosticPlugin.exe DiagnosticPlugin-ShutdownEvent DiagnosticPlugin-TotalShutdownEvent -wadVer1v5
DiagnosticsPlugin.exe Error: 0 : [31/12/2015 12:49:21] Failed to save IIS Directory state
DiagnosticsPlugin.exe Error: 0 : [31/12/2015 12:49:21] System.UnauthorizedAccessException: Nombre de archivo: redirection.config
Error: No se puede leer el archivo de configuración porque los permisos son insuficientes


   at Microsoft.Web.Administration.Interop.AppHostWritableAdminManager.GetAdminSection(String bstrSectionName, String bstrSectionPath)
   at Microsoft.Web.Administration.Configuration.GetSectionInternal(ConfigurationSection section, String sectionPath, String locationPath)
   at Microsoft.Web.Administration.ServerManager.get_SitesSection()
   at Microsoft.Web.Administration.ServerManager.get_Sites()
   at Microsoft.Azure.Plugins.Plugin.DiagnosticsPluginManager.SaveIISDirectoryState()
DiagnosticsPlugin.exe Information: 0 : [31/12/2015 12:49:21] Starting DiagnosticsPlugin
DiagnosticsPlugin.exe Information: 0 : [31/12/2015 12:49:21] Emulator config file set to C:\Projects\Heracles\Heracles\Heracles\csx\Debug\roles\Heracles.Worker\approot\diagnostics.wadcfgx
DiagnosticsPlugin.exe Information: 0 : [31/12/2015 12:49:21] DiagnosticsStoreRootPath set to: C:\Users\borja\AppData\Local\dftmp\Resources\79ea118c-42ac-4c52-80ba-963fe369559f
DiagnosticsPlugin.exe Information: 0 : [31/12/2015 12:49:21] Loading config file: C:\Projects\Heracles\Heracles\Heracles\csx\Debug\roles\Heracles.Worker\approot\diagnostics.wadcfgx
DiagnosticsPlugin.exe Information: 0 : [31/12/2015 12:49:21] Config file to read: C:\Projects\Heracles\Heracles\Heracles\csx\Debug\roles\Heracles.Worker\approot\diagnostics.wadcfgx
DiagnosticsPlugin.exe Information: 0 : [31/12/2015 12:49:21] Checking VM Type
DiagnosticsPlugin.exe Information: 0 : [31/12/2015 12:49:21] Emulator config file set to C:\Projects\Heracles\Heracles\Heracles\csx\Debug\roles\Heracles.Worker\approot\diagnostics.wadcfgx
DiagnosticsPlugin.exe Information: 0 : [31/12/2015 12:49:21] Extension set to Emulator Mode
DiagnosticsPlugin.exe Information: 0 : [31/12/2015 12:49:21] Reading XML configuration file
DiagnosticsPlugin.exe Information: 0 : [31/12/2015 12:49:21] Bypassing private config decryption
DiagnosticsPlugin.exe Information: 0 : [31/12/2015 12:49:21] WadCfg is provided in initial configuration. Using that to initialize Diagnostics.
DiagnosticsPlugin.exe Information: 0 : [31/12/2015 12:49:21] <PublicConfig xmlns="http://schemas.microsoft.com/ServiceHosting/2010/10/DiagnosticsConfiguration">
  <WadCfg>
    <DiagnosticMonitorConfiguration overallQuotaInMB="4096">
      <DiagnosticInfrastructureLogs scheduledTransferPeriod="PT10M" scheduledTransferLogLevelFilter="Information" />
      <Directories scheduledTransferPeriod="PT1M">
        <IISLogs containerName="wad-iis-logfiles" />
        <FailedRequestLogs containerName="wad-failedrequestlogs" />
      </Directories>
      <PerformanceCounters scheduledTransferPeriod="PT30M">
        <PerformanceCounterConfiguration counterSpecifier="\Processor(_Total)\% Processor Time" sampleRate="PT3M" />
        <PerformanceCounterConfiguration counterSpecifier="\Memory\Available MBytes" sampleRate="PT3M" />
        <PerformanceCounterConfiguration counterSpecifier="\Memory\Committed Bytes" sampleRate="PT3M" />
        <PerformanceCounterConfiguration counterSpecifier="\Process(WaWorkerHost)\% Processor Time" sampleRate="PT3M" />
        <PerformanceCounterConfiguration counterSpecifier="\Process(WaWorkerHost)\Private Bytes" sampleRate="PT3M" />
        <PerformanceCounterConfiguration counterSpecifier="\Process(WaWorkerHost)\Thread Count" sampleRate="PT3M" />
        <PerformanceCounterConfiguration counterSpecifier="\.NET CLR Interop(_Global_)\# of marshalling" sampleRate="PT3M" />
        <PerformanceCounterConfiguration counterSpecifier="\.NET CLR Jit(_Global_)\% Time in Jit" sampleRate="PT3M" />
        <PerformanceCounterConfiguration counterSpecifier="\.NET CLR Loading(_Global_)\% Time Loading" sampleRate="PT3M" />
        <PerformanceCounterConfiguration counterSpecifier="\.NET CLR LocksAndThreads(_Global_)\Contention Rate / sec" sampleRate="PT3M" />
        <PerformanceCounterConfiguration counterSpecifier="\.NET CLR Memory(_Global_)\# Bytes in all Heaps" sampleRate="PT3M" />
        <PerformanceCounterConfiguration counterSpecifier="\.NET CLR Memory(_Global_)\% Time in GC" sampleRate="PT3M" />
        <PerformanceCounterConfiguration counterSpecifier="\.NET CLR Networking(_Global_)\Connections Established" sampleRate="PT3M" />
        <PerformanceCounterConfiguration counterSpecifier="\.NET CLR Remoting(_Global_)\Remote Calls/sec" sampleRate="PT3M" />
      </PerformanceCounters>
      <WindowsEventLog scheduledTransferPeriod="PT30M">
        <DataSource name="Application!*" />
      </WindowsEventLog>
      <CrashDumps>
        <CrashDumpConfiguration processName="WaIISHost.exe" />
        <CrashDumpConfiguration processName="WaWorkerHost.exe" />
        <CrashDumpConfiguration processName="w3wp.exe" />
      </CrashDumps>
      <Logs scheduledTransferPeriod="PT10M" scheduledTransferLogLevelFilter="Information" />
    </DiagnosticMonitorConfiguration>
  </WadCfg>
  <StorageAccount>devstoreaccount1</StorageAccount>
</PublicConfig>
DiagnosticsPlugin.exe Information: 0 : [31/12/2015 12:49:21] Private setting is loaded
DiagnosticsPlugin.exe Information: 0 : [31/12/2015 12:49:21] Is config json/xml loaded
DiagnosticsPlugin.exe Information: 0 : [31/12/2015 12:49:21] Successfully created checkpoint file C:\Users\borja\AppData\Local\dftmp\Resources\79ea118c-42ac-4c52-80ba-963fe369559f\WAD0105\Configuration\Checkpoint.txt
DiagnosticsPlugin.exe Information: 0 : [31/12/2015 12:49:21] Will use local resource directory C:\Users\borja\AppData\Local\dftmp\Resources\79ea118c-42ac-4c52-80ba-963fe369559f\WAD0105
DiagnosticsPlugin.exe Information: 0 : [31/12/2015 12:49:21] Will use endpoint https://core.windows.net for storage.
DiagnosticsPlugin.exe Information: 0 : [31/12/2015 12:49:21] Exception in creating the ServerManager; is IIS installed?
 Error:System.UnauthorizedAccessException: Nombre de archivo: redirection.config
Error: No se puede leer el archivo de configuración porque los permisos son insuficientes


   at Microsoft.Web.Administration.Interop.AppHostWritableAdminManager.GetAdminSection(String bstrSectionName, String bstrSectionPath)
   at Microsoft.Web.Administration.Configuration.GetSectionInternal(ConfigurationSection section, String sectionPath, String locationPath)
   at Microsoft.Web.Administration.ServerManager.get_SitesSection()
   at Microsoft.Web.Administration.ServerManager.get_Sites()
   at Microsoft.Azure.Plugins.Plugin.WadConfigProcessor.AddDirectories(EventsType mdsEvents, Directories wadDirectories)
DiagnosticsPlugin.exe Information: 0 : [31/12/2015 12:49:21] Running in emulator mode, crash dumps not enabled
DiagnosticsPlugin.exe Information: 0 : [31/12/2015 12:49:21] Checking to see if Application Insights extension needs to be configured.
DiagnosticsPlugin.exe Information: 0 : [31/12/2015 12:49:22] In emulator mode and using devstore updating XStoreAccount info, command line args: -LocalPath "C:\Users\borja\AppData\Local\dftmp\Resources\79ea118c-42ac-4c52-80ba-963fe369559f\WAD0105"  -ConfigFile "C:\Users\borja\AppData\Local\dftmp\Resources\79ea118c-42ac-4c52-80ba-963fe369559f\WAD0105\Configuration\MaConfig.xml" -ShutDownEvent WADDM-ShutDown-28f1d44506bc4d399fb9f75b8e0032df  -TotalShutDownEvent WADDM-TotalShutDown-28f1d44506bc4d399fb9f75b8e0032df -InitializedEvent WADM-StartUp-28f1d44506bc4d399fb9f75b8e0032df -parent 15336 -events -wadVer1v5 -UseProxyServer -XStoreAccounts WadAccount#true#devstoreaccount1#Eby8vdM02xNOcqFlqUwJPLlmEtlCDXJ1OUzFT50uSRZ6IFsuFq2UVErCz4I6tq/K1SZFPTOtr/KBHBeksoGMGw==#http://127.0.0.1:10002#http://127.0.0.1:10001#http://127.0.0.1:10000
DiagnosticsPlugin.exe Information: 0 : [31/12/2015 12:50:22] MonAgentHost.exe started
DiagnosticsPlugin.exe Information: 0 : [31/12/2015 12:50:22] DiagnoticsPlugin started.
DiagnosticsPlugin.exe Information: 0 : [31/12/2015 12:50:22] DiagnoticsPlugin now waiting on events "DiagnosticPlugin-ShutdownEvent", "DiagnosticPlugin-TotalShutdownEvent" or "DiagnosticPlugin-RestartEvent".
