DiagnosticsPlugin.exe Information: 0 : [24/12/2015 13:33:52] Starting DiagnosticPlugin.exe DiagnosticPlugin-ShutdownEvent DiagnosticPlugin-TotalShutdownEvent -wadVer1v5
DiagnosticsPlugin.exe Information: 0 : [24/12/2015 13:33:52] Successfully saved IIS Directory state
DiagnosticsPlugin.exe Information: 0 : [24/12/2015 13:33:52] Starting DiagnosticsPlugin
DiagnosticsPlugin.exe Information: 0 : [24/12/2015 13:33:52] Emulator config file set to C:\Projects\Atenea\Atenea\Atenea\csx\Debug\roles\Atenea.Worker\approot\diagnostics.wadcfgx
DiagnosticsPlugin.exe Information: 0 : [24/12/2015 13:33:52] DiagnosticsStoreRootPath set to: C:\Users\borja\AppData\Local\dftmp\Resources\c3b06713-7011-4f07-a760-a2b1d3b9eb21
DiagnosticsPlugin.exe Information: 0 : [24/12/2015 13:33:52] Loading config file: C:\Projects\Atenea\Atenea\Atenea\csx\Debug\roles\Atenea.Worker\approot\diagnostics.wadcfgx
DiagnosticsPlugin.exe Information: 0 : [24/12/2015 13:33:52] Config file to read: C:\Projects\Atenea\Atenea\Atenea\csx\Debug\roles\Atenea.Worker\approot\diagnostics.wadcfgx
DiagnosticsPlugin.exe Information: 0 : [24/12/2015 13:33:52] Checking VM Type
DiagnosticsPlugin.exe Information: 0 : [24/12/2015 13:33:52] Emulator config file set to C:\Projects\Atenea\Atenea\Atenea\csx\Debug\roles\Atenea.Worker\approot\diagnostics.wadcfgx
DiagnosticsPlugin.exe Information: 0 : [24/12/2015 13:33:52] Extension set to Emulator Mode
DiagnosticsPlugin.exe Information: 0 : [24/12/2015 13:33:52] Reading XML configuration file
DiagnosticsPlugin.exe Information: 0 : [24/12/2015 13:33:52] Bypassing private config decryption
DiagnosticsPlugin.exe Information: 0 : [24/12/2015 13:33:52] WadCfg is provided in initial configuration. Using that to initialize Diagnostics.
DiagnosticsPlugin.exe Information: 0 : [24/12/2015 13:33:52] <PublicConfig xmlns="http://schemas.microsoft.com/ServiceHosting/2010/10/DiagnosticsConfiguration">
  <WadCfg>
    <DiagnosticMonitorConfiguration overallQuotaInMB="4096">
      <DiagnosticInfrastructureLogs scheduledTransferPeriod="PT10M" scheduledTransferLogLevelFilter="Information" />
      <Directories scheduledTransferPeriod="PT1M">
        <IISLogs containerName="wad-iis-logfiles" />
        <FailedRequestLogs containerName="wad-failedrequestlogs" />
      </Directories>
      <PerformanceCounters scheduledTransferPeriod="PT30M">
        <PerformanceCounterConfiguration counterSpecifier="\Processor(_Total)\% Processor Time" sampleRate="PT3M" />
        <PerformanceCounterConfiguration counterSpecifier="\Memory\Available MBytes" sampleRate="PT3M" />
        <PerformanceCounterConfiguration counterSpecifier="\Memory\Committed Bytes" sampleRate="PT3M" />
        <PerformanceCounterConfiguration counterSpecifier="\Process(WaWorkerHost)\% Processor Time" sampleRate="PT3M" />
        <PerformanceCounterConfiguration counterSpecifier="\Process(WaWorkerHost)\Private Bytes" sampleRate="PT3M" />
        <PerformanceCounterConfiguration counterSpecifier="\Process(WaWorkerHost)\Thread Count" sampleRate="PT3M" />
        <PerformanceCounterConfiguration counterSpecifier="\.NET CLR Interop(_Global_)\# of marshalling" sampleRate="PT3M" />
        <PerformanceCounterConfiguration counterSpecifier="\.NET CLR Jit(_Global_)\% Time in Jit" sampleRate="PT3M" />
        <PerformanceCounterConfiguration counterSpecifier="\.NET CLR Loading(_Global_)\% Time Loading" sampleRate="PT3M" />
        <PerformanceCounterConfiguration counterSpecifier="\.NET CLR LocksAndThreads(_Global_)\Contention Rate / sec" sampleRate="PT3M" />
        <PerformanceCounterConfiguration counterSpecifier="\.NET CLR Memory(_Global_)\# Bytes in all Heaps" sampleRate="PT3M" />
        <PerformanceCounterConfiguration counterSpecifier="\.NET CLR Memory(_Global_)\% Time in GC" sampleRate="PT3M" />
        <PerformanceCounterConfiguration counterSpecifier="\.NET CLR Networking(_Global_)\Connections Established" sampleRate="PT3M" />
        <PerformanceCounterConfiguration counterSpecifier="\.NET CLR Remoting(_Global_)\Remote Calls/sec" sampleRate="PT3M" />
      </PerformanceCounters>
      <WindowsEventLog scheduledTransferPeriod="PT30M">
        <DataSource name="Application!*" />
      </WindowsEventLog>
      <CrashDumps>
        <CrashDumpConfiguration processName="WaIISHost.exe" />
        <CrashDumpConfiguration processName="WaWorkerHost.exe" />
        <CrashDumpConfiguration processName="w3wp.exe" />
      </CrashDumps>
      <Logs scheduledTransferPeriod="PT10M" scheduledTransferLogLevelFilter="Information" />
    </DiagnosticMonitorConfiguration>
  </WadCfg>
  <StorageAccount>devstoreaccount1</StorageAccount>
</PublicConfig>
DiagnosticsPlugin.exe Information: 0 : [24/12/2015 13:33:52] Private setting is loaded
DiagnosticsPlugin.exe Information: 0 : [24/12/2015 13:33:52] Is config json/xml loaded
DiagnosticsPlugin.exe Information: 0 : [24/12/2015 13:33:52] Checkpoint file is presentC:\Users\borja\AppData\Local\dftmp\Resources\c3b06713-7011-4f07-a760-a2b1d3b9eb21\WAD0105\Configuration\Checkpoint.txt
DiagnosticsPlugin.exe Information: 0 : [24/12/2015 13:33:52] Will use local resource directory C:\Users\borja\AppData\Local\dftmp\Resources\c3b06713-7011-4f07-a760-a2b1d3b9eb21\WAD0105
DiagnosticsPlugin.exe Information: 0 : [24/12/2015 13:33:52] Will use endpoint https://core.windows.net for storage.
DiagnosticsPlugin.exe Information: 0 : [24/12/2015 13:33:52] Expanding path %SystemDrive%\inetpub\logs\LogFiles to C:\inetpub\logs\LogFiles
DiagnosticsPlugin.exe Information: 0 : [24/12/2015 13:33:52] Expanding path %SystemDrive%\inetpub\logs\FailedReqLogFiles to C:\inetpub\logs\FailedReqLogFiles
DiagnosticsPlugin.exe Information: 0 : [24/12/2015 13:33:52] Created IIS log watch item: "C:\inetpub\logs\LogFiles"
DiagnosticsPlugin.exe Information: 0 : [24/12/2015 13:33:52] Created IIS failed requests watch item: "C:\inetpub\logs\FailedReqLogFiles"
DiagnosticsPlugin.exe Information: 0 : [24/12/2015 13:33:52] Running in emulator mode, crash dumps not enabled
DiagnosticsPlugin.exe Information: 0 : [24/12/2015 13:33:52] Checking to see if Application Insights extension needs to be configured.
DiagnosticsPlugin.exe Information: 0 : [24/12/2015 13:33:52] In emulator mode and using devstore updating XStoreAccount info, command line args: -LocalPath "C:\Users\borja\AppData\Local\dftmp\Resources\c3b06713-7011-4f07-a760-a2b1d3b9eb21\WAD0105"  -ConfigFile "C:\Users\borja\AppData\Local\dftmp\Resources\c3b06713-7011-4f07-a760-a2b1d3b9eb21\WAD0105\Configuration\MaConfig.xml" -ShutDownEvent WADDM-ShutDown-7701bf85f7024d748baf2efcb5e84dfd  -TotalShutDownEvent WADDM-TotalShutDown-7701bf85f7024d748baf2efcb5e84dfd -InitializedEvent WADM-StartUp-7701bf85f7024d748baf2efcb5e84dfd -parent 71188 -events -wadVer1v5 -UseProxyServer -XStoreAccounts WadAccount#true#devstoreaccount1#Eby8vdM02xNOcqFlqUwJPLlmEtlCDXJ1OUzFT50uSRZ6IFsuFq2UVErCz4I6tq/K1SZFPTOtr/KBHBeksoGMGw==#http://127.0.0.1:10002#http://127.0.0.1:10001#http://127.0.0.1:10000
